<?xml version="1.0" encoding="UTF-8"?>
<testng-results skipped="0" failed="0" total="1" passed="1">
  <reporter-output>
  </reporter-output>
  <suite name="Suite" duration-ms="105178" started-at="2018-06-02T19:34:27Z" finished-at="2018-06-02T19:36:12Z">
    <groups>
      <group name="cucumber">
        <method signature="AbstractTestNGCucumberTests.feature(cucumber.api.testng.CucumberFeatureWrapper)[pri:0, instance:runners.Runner@7cd62f43]" name="feature" class="cucumber.api.testng.AbstractTestNGCucumberTests"/>
      </group> <!-- cucumber -->
    </groups>
    <test name="Test" duration-ms="105178" started-at="2018-06-02T19:34:27Z" finished-at="2018-06-02T19:36:12Z">
      <class name="runners.Runner">
        <test-method status="PASS" signature="setUpClass()[pri:0, instance:runners.Runner@7cd62f43]" name="setUpClass" is-config="true" duration-ms="292" started-at="2018-06-03T01:04:27Z" finished-at="2018-06-03T01:04:27Z">
          <reporter-output>
          </reporter-output>
        </test-method> <!-- setUpClass -->
        <test-method status="PASS" signature="setup()[pri:0, instance:runners.Runner@7cd62f43]" name="setup" is-config="true" duration-ms="1" started-at="2018-06-03T01:04:27Z" finished-at="2018-06-03T01:04:27Z">
          <reporter-output>
          </reporter-output>
        </test-method> <!-- setup -->
        <test-method status="PASS" signature="feature(cucumber.api.testng.CucumberFeatureWrapper)[pri:0, instance:runners.Runner@7cd62f43]" name="feature" duration-ms="104396" started-at="2018-06-03T01:04:27Z" description="Runs Cucumber Feature" data-provider="features" finished-at="2018-06-03T01:06:12Z">
          <params>
            <param index="0">
              <value>
                <![CDATA[Acceptance testing.]]>
              </value>
            </param>
          </params>
          <reporter-output>
          </reporter-output>
        </test-method> <!-- feature -->
        <test-method status="PASS" signature="teardown()[pri:0, instance:runners.Runner@7cd62f43]" name="teardown" is-config="true" duration-ms="25" started-at="2018-06-03T01:06:12Z" finished-at="2018-06-03T01:06:12Z">
          <reporter-output>
          </reporter-output>
        </test-method> <!-- teardown -->
        <test-method status="PASS" signature="tearDownClass()[pri:0, instance:runners.Runner@7cd62f43]" name="tearDownClass" is-config="true" duration-ms="348" started-at="2018-06-03T01:06:12Z" finished-at="2018-06-03T01:06:12Z">
          <reporter-output>
          </reporter-output>
        </test-method> <!-- tearDownClass -->
      </class> <!-- runners.Runner -->
    </test> <!-- Test -->
  </suite> <!-- Suite -->
</testng-results>
